#
# A fatal error has been detected by the Java Runtime Environment:
#
#  Internal Error (javaClasses.cpp:136), pid=2292, tid=1092
#  fatal error: Invalid layout of preloaded class
#
# JRE version:  (7.0_55-b14) (build )
# Java VM: Java HotSpot(TM) Client VM (24.55-b03 mixed mode windows-x86 )
# Failed to write core dump. Minidumps are not enabled by default on client versions of Windows
#
# If you would like to submit a bug report, please visit:
#   http://bugreport.sun.com/bugreport/crash.jsp
#

---------------  T H R E A D  ---------------

Current thread (0x0072c000):  JavaThread "Unknown thread" [_thread_in_vm, id=1092, stack(0x00790000,0x007e0000)]

Stack: [0x00790000,0x007e0000],  sp=0x007df36c,  free space=316k
Native frames: (J=compiled Java code, j=interpreted, Vv=VM code, C=native code)
V  [jvm.dll+0x18e051]
V  [jvm.dll+0x187dd6]
V  [jvm.dll+0x358ba]
V  [jvm.dll+0x35946]
V  [jvm.dll+0x43fed]
V  [jvm.dll+0x4429e]
V  [jvm.dll+0x926aa]
V  [jvm.dll+0x92a5b]
V  [jvm.dll+0x13db41]
V  [jvm.dll+0x1606ac]
V  [jvm.dll+0xc8e1f]
C  [javaw.exe+0x13ce]
C  [javaw.exe+0x1e40]
C  [javaw.exe+0xa5b1]
C  [javaw.exe+0xa63b]
C  [kernel32.dll+0x51174]
C  [ntdll.dll+0x5b3f5]
C  [ntdll.dll+0x5b3c8]


---------------  P R O C E S S  ---------------

Java Threads: ( => current thread )

Other Threads:

=>0x0072c000 (exited) JavaThread "Unknown thread" [_thread_in_vm, id=1092, stack(0x00790000,0x007e0000)]

VM state:not at safepoint (not fully initialized)

VM Mutex/Monitor currently owned by a thread: None

GC Heap History (0 events):
No events

Deoptimization events (0 events):
No events

Internal exceptions (0 events):
No events

Events (10 events):
Event: 0.019 loading class 0x0062c2e0 done
Event: 0.019 loading class 0x0062bd70 done
Event: 0.019 loading class 0x0062bd50
Event: 0.019 loading class 0x00633078
Event: 0.058 loading class 0x00633078 done
Event: 0.058 loading class 0x006330a8
Event: 0.058 loading class 0x006330a8 done
Event: 0.058 loading class 0x006330d8
Event: 0.058 loading class 0x006330d8 done
Event: 0.058 loading class 0x0062bd50 done


Dynamic libraries:
0x008b0000 - 0x008df000 	C:\Program Files\Java\jre7\bin\javaw.exe
0x77c80000 - 0x77dbc000 	C:\Windows\SYSTEM32\ntdll.dll
0x77630000 - 0x77704000 	C:\Windows\system32\kernel32.dll
0x75e50000 - 0x75e9a000 	C:\Windows\system32\KERNELBASE.dll
0x779e0000 - 0x77a80000 	C:\Windows\system32\ADVAPI32.dll
0x77890000 - 0x7793c000 	C:\Windows\system32\msvcrt.dll
0x77710000 - 0x77729000 	C:\Windows\SYSTEM32\sechost.dll
0x76860000 - 0x76901000 	C:\Windows\system32\RPCRT4.dll
0x76330000 - 0x763f9000 	C:\Windows\system32\USER32.dll
0x767e0000 - 0x7682e000 	C:\Windows\system32\GDI32.dll
0x77880000 - 0x7788a000 	C:\Windows\system32\LPK.dll
0x777e0000 - 0x7787d000 	C:\Windows\system32\USP10.dll
0x74c80000 - 0x74e1e000 	C:\Windows\WinSxS\x86_microsoft.windows.common-controls_6595b64144ccf1df_6.0.7600.16385_none_421189da2b7fabfc\COMCTL32.dll
0x77a80000 - 0x77ad7000 	C:\Windows\system32\SHLWAPI.dll
0x77e00000 - 0x77e1f000 	C:\Windows\system32\IMM32.DLL
0x76910000 - 0x769dc000 	C:\Windows\system32\MSCTF.dll
0x62cb0000 - 0x62d6f000 	C:\Program Files\Java\jre7\bin\msvcr100.dll
0x62840000 - 0x62bc0000 	C:\Program Files\Java\jre7\bin\client\jvm.dll
0x71f70000 - 0x71f77000 	C:\Windows\system32\WSOCK32.dll
0x77dc0000 - 0x77df5000 	C:\Windows\system32\WS2_32.dll
0x77940000 - 0x77946000 	C:\Windows\system32\NSI.dll
0x75180000 - 0x751b2000 	C:\Windows\system32\WINMM.dll
0x760e0000 - 0x760e5000 	C:\Windows\system32\PSAPI.DLL
0x6c310000 - 0x6c31c000 	C:\Program Files\Java\jre7\bin\verify.dll
0x62e60000 - 0x62e80000 	C:\Program Files\Java\jre7\bin\java.dll
0x62e40000 - 0x62e53000 	C:\Program Files\Java\jre7\bin\zip.dll
0x6bfa0000 - 0x6c08b000 	C:\Windows\system32\dbghelp.dll

VM Arguments:
jvm_args: -Dfile.encoding=Cp1250 -Xbootclasspath:C:\Program Files\Android\android-sdk\platforms\android-15\android.jar 
java_command: org.eclipse.jdt.internal.junit.runner.RemoteTestRunner -version 3 -port 49952 -testLoaderClass org.eclipse.jdt.internal.junit4.runner.JUnit4TestLoader -loaderpluginname org.eclipse.jdt.junit4.runtime -classNames com.poligdzie.json.DirectionsTest
Launcher Type: SUN_STANDARD

Environment Variables:
PATH=C:/Program Files/Java/jre7/bin/client;C:/Program Files/Java/jre7/bin;C:/Program Files/Java/jre7/lib/i386;C:\Windows\system32;C:\Windows;C:\Windows\System32\Wbem;C:\Windows\System32\WindowsPowerShell\v1.0\;C:\Program Files\Git\cmd;C:\Ruby193\bin;C:\Users\Tomasz\Desktop\eclipse;
USERNAME=Tomasz
OS=Windows_NT
PROCESSOR_IDENTIFIER=x86 Family 6 Model 14 Stepping 12, GenuineIntel



---------------  S Y S T E M  ---------------

OS: Windows 7 Build 7600 

CPU:total 2 (2 cores per cpu, 1 threads per core) family 6 model 14 stepping 12, cmov, cx8, fxsr, mmx, sse, sse2, sse3, tsc

Memory: 4k page, physical 2087032k(770856k free), swap 4174064k(2363504k free)

vm_info: Java HotSpot(TM) Client VM (24.55-b03) for windows-x86 JRE (1.7.0_55-b14), built on Apr 14 2014 18:25:32 by "java_re" with unknown MS VC++:1600

time: Thu Nov 20 23:18:21 2014
elapsed time: 0 seconds

