#
# A fatal error has been detected by the Java Runtime Environment:
#
#  Internal Error (javaClasses.cpp:136), pid=1636, tid=3496
#  fatal error: Invalid layout of preloaded class
#
# JRE version:  (7.0_55-b14) (build )
# Java VM: Java HotSpot(TM) Client VM (24.55-b03 mixed mode windows-x86 )
# Failed to write core dump. Minidumps are not enabled by default on client versions of Windows
#
# If you would like to submit a bug report, please visit:
#   http://bugreport.sun.com/bugreport/crash.jsp
#

---------------  T H R E A D  ---------------

Current thread (0x0038c000):  JavaThread "Unknown thread" [_thread_in_vm, id=3496, stack(0x011d0000,0x01220000)]

Stack: [0x011d0000,0x01220000],  sp=0x0121f6f0,  free space=317k
Native frames: (J=compiled Java code, j=interpreted, Vv=VM code, C=native code)
V  [jvm.dll+0x18e051]
V  [jvm.dll+0x187dd6]
V  [jvm.dll+0x358ba]
V  [jvm.dll+0x35946]
V  [jvm.dll+0x43fed]
V  [jvm.dll+0x4429e]
V  [jvm.dll+0x926aa]
V  [jvm.dll+0x92a5b]
V  [jvm.dll+0x13db41]
V  [jvm.dll+0x1606ac]
V  [jvm.dll+0xc8e1f]
C  [javaw.exe+0x13ce]
C  [javaw.exe+0x1e40]
C  [javaw.exe+0xa5b1]
C  [javaw.exe+0xa63b]
C  [kernel32.dll+0x51174]
C  [ntdll.dll+0x5b3f5]
C  [ntdll.dll+0x5b3c8]


---------------  P R O C E S S  ---------------

Java Threads: ( => current thread )

Other Threads:

=>0x0038c000 (exited) JavaThread "Unknown thread" [_thread_in_vm, id=3496, stack(0x011d0000,0x01220000)]

VM state:not at safepoint (not fully initialized)

VM Mutex/Monitor currently owned by a thread: None

GC Heap History (0 events):
No events

Deoptimization events (0 events):
No events

Internal exceptions (0 events):
No events

Events (10 events):
Event: 0.022 loading class 0x0168c2e0 done
Event: 0.023 loading class 0x0168bd70 done
Event: 0.023 loading class 0x0168bd50
Event: 0.023 loading class 0x01693078
Event: 0.023 loading class 0x01693078 done
Event: 0.023 loading class 0x016930a8
Event: 0.023 loading class 0x016930a8 done
Event: 0.023 loading class 0x016930d8
Event: 0.023 loading class 0x016930d8 done
Event: 0.024 loading class 0x0168bd50 done


Dynamic libraries:
0x00090000 - 0x000bf000 	C:\Program Files\Java\jre7\bin\javaw.exe
0x77510000 - 0x7764c000 	C:\Windows\SYSTEM32\ntdll.dll
0x768b0000 - 0x76984000 	C:\Windows\system32\kernel32.dll
0x757f0000 - 0x7583a000 	C:\Windows\system32\KERNELBASE.dll
0x77470000 - 0x77510000 	C:\Windows\system32\ADVAPI32.dll
0x76c00000 - 0x76cac000 	C:\Windows\system32\msvcrt.dll
0x77660000 - 0x77679000 	C:\Windows\SYSTEM32\sechost.dll
0x771d0000 - 0x77271000 	C:\Windows\system32\RPCRT4.dll
0x76990000 - 0x76a59000 	C:\Windows\system32\USER32.dll
0x776f0000 - 0x7773e000 	C:\Windows\system32\GDI32.dll
0x75ba0000 - 0x75baa000 	C:\Windows\system32\LPK.dll
0x75bb0000 - 0x75c4d000 	C:\Windows\system32\USP10.dll
0x745f0000 - 0x7478e000 	C:\Windows\WinSxS\x86_microsoft.windows.common-controls_6595b64144ccf1df_6.0.7600.16385_none_421189da2b7fabfc\COMCTL32.dll
0x75b40000 - 0x75b97000 	C:\Windows\system32\SHLWAPI.dll
0x776d0000 - 0x776ef000 	C:\Windows\system32\IMM32.DLL
0x76dc0000 - 0x76e8c000 	C:\Windows\system32\MSCTF.dll
0x5c930000 - 0x5c9ef000 	C:\Program Files\Java\jre7\bin\msvcr100.dll
0x64650000 - 0x649d0000 	C:\Program Files\Java\jre7\bin\client\jvm.dll
0x71230000 - 0x71237000 	C:\Windows\system32\WSOCK32.dll
0x75b00000 - 0x75b35000 	C:\Windows\system32\WS2_32.dll
0x77650000 - 0x77656000 	C:\Windows\system32\NSI.dll
0x71170000 - 0x711a2000 	C:\Windows\system32\WINMM.dll
0x75c50000 - 0x75c55000 	C:\Windows\system32\PSAPI.DLL
0x64c80000 - 0x64c8c000 	C:\Program Files\Java\jre7\bin\verify.dll
0x64c60000 - 0x64c80000 	C:\Program Files\Java\jre7\bin\java.dll
0x64c40000 - 0x64c53000 	C:\Program Files\Java\jre7\bin\zip.dll
0x6d990000 - 0x6da7b000 	C:\Windows\system32\dbghelp.dll

VM Arguments:
jvm_args: -Dfile.encoding=Cp1250 -Xbootclasspath:C:\Program Files\Android\android-sdk\platforms\android-15\android.jar 
java_command: org.eclipse.jdt.internal.junit.runner.RemoteTestRunner -version 3 -port 49950 -testLoaderClass org.eclipse.jdt.internal.junit4.runner.JUnit4TestLoader -loaderpluginname org.eclipse.jdt.junit4.runtime -classNames com.json.poligdzie.PolylineTest
Launcher Type: SUN_STANDARD

Environment Variables:
PATH=C:/Program Files/Java/jre7/bin/client;C:/Program Files/Java/jre7/bin;C:/Program Files/Java/jre7/lib/i386;C:\Windows\system32;C:\Windows;C:\Windows\System32\Wbem;C:\Windows\System32\WindowsPowerShell\v1.0\;C:\Program Files\Git\cmd;C:\Ruby193\bin;C:\Users\Tomasz\Desktop\eclipse;
USERNAME=Tomasz
OS=Windows_NT
PROCESSOR_IDENTIFIER=x86 Family 6 Model 14 Stepping 12, GenuineIntel



---------------  S Y S T E M  ---------------

OS: Windows 7 Build 7600 

CPU:total 2 (2 cores per cpu, 1 threads per core) family 6 model 14 stepping 12, cmov, cx8, fxsr, mmx, sse, sse2, sse3, tsc

Memory: 4k page, physical 2087032k(625244k free), swap 4174064k(2153152k free)

vm_info: Java HotSpot(TM) Client VM (24.55-b03) for windows-x86 JRE (1.7.0_55-b14), built on Apr 14 2014 18:25:32 by "java_re" with unknown MS VC++:1600

time: Tue Nov 18 21:30:31 2014
elapsed time: 0 seconds

