#
# A fatal error has been detected by the Java Runtime Environment:
#
#  Internal Error (javaClasses.cpp:136), pid=5648, tid=4844
#  fatal error: Invalid layout of preloaded class
#
# JRE version:  (7.0_55-b14) (build )
# Java VM: Java HotSpot(TM) Client VM (24.55-b03 mixed mode windows-x86 )
# Failed to write core dump. Minidumps are not enabled by default on client versions of Windows
#
# If you would like to submit a bug report, please visit:
#   http://bugreport.sun.com/bugreport/crash.jsp
#

---------------  T H R E A D  ---------------

Current thread (0x011ec000):  JavaThread "Unknown thread" [_thread_in_vm, id=4844, stack(0x01350000,0x013a0000)]

Stack: [0x01350000,0x013a0000],  sp=0x0139f9fc,  free space=318k
Native frames: (J=compiled Java code, j=interpreted, Vv=VM code, C=native code)
V  [jvm.dll+0x18e051]
V  [jvm.dll+0x187dd6]
V  [jvm.dll+0x358ba]
V  [jvm.dll+0x35946]
V  [jvm.dll+0x43fed]
V  [jvm.dll+0x4429e]
V  [jvm.dll+0x926aa]
V  [jvm.dll+0x92a5b]
V  [jvm.dll+0x13db41]
V  [jvm.dll+0x1606ac]
V  [jvm.dll+0xc8e1f]
C  [javaw.exe+0x13ce]
C  [javaw.exe+0x1e40]
C  [javaw.exe+0xa5b1]
C  [javaw.exe+0xa63b]
C  [kernel32.dll+0x51174]
C  [ntdll.dll+0x5b3f5]
C  [ntdll.dll+0x5b3c8]


---------------  P R O C E S S  ---------------

Java Threads: ( => current thread )

Other Threads:

=>0x011ec000 (exited) JavaThread "Unknown thread" [_thread_in_vm, id=4844, stack(0x01350000,0x013a0000)]

VM state:not at safepoint (not fully initialized)

VM Mutex/Monitor currently owned by a thread: None

GC Heap History (0 events):
No events

Deoptimization events (0 events):
No events

Internal exceptions (0 events):
No events

Events (10 events):
Event: 1.352 loading class 0x0110c168 done
Event: 1.353 loading class 0x0110bbf8 done
Event: 1.353 loading class 0x0110bbd8
Event: 1.354 loading class 0x01112f00
Event: 1.354 loading class 0x01112f00 done
Event: 1.354 loading class 0x01112f30
Event: 1.354 loading class 0x01112f30 done
Event: 1.354 loading class 0x01112f60
Event: 1.354 loading class 0x01112f60 done
Event: 1.355 loading class 0x0110bbd8 done


Dynamic libraries:
0x013b0000 - 0x013df000 	C:\Program Files\Java\jre7\bin\javaw.exe
0x777e0000 - 0x7791c000 	C:\Windows\SYSTEM32\ntdll.dll
0x770f0000 - 0x771c4000 	C:\Windows\system32\kernel32.dll
0x759b0000 - 0x759fa000 	C:\Windows\system32\KERNELBASE.dll
0x774f0000 - 0x77590000 	C:\Windows\system32\ADVAPI32.dll
0x77730000 - 0x777dc000 	C:\Windows\system32\msvcrt.dll
0x75c90000 - 0x75ca9000 	C:\Windows\SYSTEM32\sechost.dll
0x75cb0000 - 0x75d51000 	C:\Windows\system32\RPCRT4.dll
0x75f10000 - 0x75fd9000 	C:\Windows\system32\USER32.dll
0x776e0000 - 0x7772e000 	C:\Windows\system32\GDI32.dll
0x77950000 - 0x7795a000 	C:\Windows\system32\LPK.dll
0x77970000 - 0x77a0d000 	C:\Windows\system32\USP10.dll
0x74890000 - 0x74a2e000 	C:\Windows\WinSxS\x86_microsoft.windows.common-controls_6595b64144ccf1df_6.0.7600.16385_none_421189da2b7fabfc\COMCTL32.dll
0x75eb0000 - 0x75f07000 	C:\Windows\system32\SHLWAPI.dll
0x77930000 - 0x7794f000 	C:\Windows\system32\IMM32.DLL
0x77590000 - 0x7765c000 	C:\Windows\system32\MSCTF.dll
0x68a20000 - 0x68adf000 	C:\Program Files\Java\jre7\bin\msvcr100.dll
0x60b90000 - 0x60f10000 	C:\Program Files\Java\jre7\bin\client\jvm.dll
0x707d0000 - 0x707d7000 	C:\Windows\system32\WSOCK32.dll
0x771d0000 - 0x77205000 	C:\Windows\system32\WS2_32.dll
0x77960000 - 0x77966000 	C:\Windows\system32\NSI.dll
0x6fb50000 - 0x6fb82000 	C:\Windows\system32\WINMM.dll
0x75c80000 - 0x75c85000 	C:\Windows\system32\PSAPI.DLL
0x68ed0000 - 0x68edc000 	C:\Program Files\Java\jre7\bin\verify.dll
0x611b0000 - 0x611d0000 	C:\Program Files\Java\jre7\bin\java.dll
0x61190000 - 0x611a3000 	C:\Program Files\Java\jre7\bin\zip.dll
0x69be0000 - 0x69ccb000 	C:\Windows\system32\dbghelp.dll

VM Arguments:
jvm_args: -Dfile.encoding=Cp1250 -Xbootclasspath:C:\Program Files\Android\android-sdk\platforms\android-15\android.jar 
java_command: com.poligdzie.databaseutils.DatabaseConfigUtil
Launcher Type: SUN_STANDARD

Environment Variables:
PATH=C:/Program Files/Java/jre7/bin/client;C:/Program Files/Java/jre7/bin;C:/Program Files/Java/jre7/lib/i386;C:\Windows\system32;C:\Windows;C:\Windows\System32\Wbem;C:\Windows\System32\WindowsPowerShell\v1.0\;C:\Program Files\Git\cmd;C:\Ruby193\bin;C:\Users\Tomasz\Desktop\eclipse;
USERNAME=Tomasz
OS=Windows_NT
PROCESSOR_IDENTIFIER=x86 Family 6 Model 14 Stepping 12, GenuineIntel



---------------  S Y S T E M  ---------------

OS: Windows 7 Build 7600 

CPU:total 2 (2 cores per cpu, 1 threads per core) family 6 model 14 stepping 12, cmov, cx8, fxsr, mmx, sse, sse2, sse3, tsc

Memory: 4k page, physical 2087032k(705428k free), swap 4174064k(1377428k free)

vm_info: Java HotSpot(TM) Client VM (24.55-b03) for windows-x86 JRE (1.7.0_55-b14), built on Apr 14 2014 18:25:32 by "java_re" with unknown MS VC++:1600

time: Tue Jan 13 00:20:39 2015
elapsed time: 1 seconds

